<?xml version="1.0" encoding="UTF-8"?>
<testsuite xmlns:xsi="http://www.w3.org/2001/XMLSchema-instance" xsi:noNamespaceSchemaLocation="https://maven.apache.org/surefire/maven-surefire-plugin/xsd/surefire-test-report.xsd" name="com.wuyuhui.common.CommonApplicationTests" time="1.12" tests="1" errors="0" skipped="0" failures="0">
  <properties>
    <property name="sun.desktop" value="windows"/>
    <property name="awt.toolkit" value="sun.awt.windows.WToolkit"/>
    <property name="file.encoding.pkg" value="sun.io"/>
    <property name="java.specification.version" value="1.8"/>
    <property name="sun.cpu.isalist" value="amd64"/>
    <property name="sun.jnu.encoding" value="GBK"/>
    <property name="java.class.path" value="D:\Idea-WorkSpace\springcloud-study\common\target\test-classes;D:\Idea-WorkSpace\springcloud-study\common\target\classes;D:\my_maven_local_repository\org\springframework\boot\spring-boot-starter\2.6.8\spring-boot-starter-2.6.8.jar;D:\my_maven_local_repository\org\springframework\boot\spring-boot\2.6.8\spring-boot-2.6.8.jar;D:\my_maven_local_repository\org\springframework\spring-context\5.3.20\spring-context-5.3.20.jar;D:\my_maven_local_repository\org\springframework\spring-aop\5.3.20\spring-aop-5.3.20.jar;D:\my_maven_local_repository\org\springframework\spring-beans\5.3.20\spring-beans-5.3.20.jar;D:\my_maven_local_repository\org\springframework\spring-expression\5.3.20\spring-expression-5.3.20.jar;D:\my_maven_local_repository\org\springframework\boot\spring-boot-autoconfigure\2.6.8\spring-boot-autoconfigure-2.6.8.jar;D:\my_maven_local_repository\org\springframework\boot\spring-boot-starter-logging\2.6.8\spring-boot-starter-logging-2.6.8.jar;D:\my_maven_local_repository\ch\qos\logback\logback-classic\1.2.11\logback-classic-1.2.11.jar;D:\my_maven_local_repository\ch\qos\logback\logback-core\1.2.11\logback-core-1.2.11.jar;D:\my_maven_local_repository\org\apache\logging\log4j\log4j-to-slf4j\2.17.2\log4j-to-slf4j-2.17.2.jar;D:\my_maven_local_repository\org\apache\logging\log4j\log4j-api\2.17.2\log4j-api-2.17.2.jar;D:\my_maven_local_repository\org\slf4j\jul-to-slf4j\1.7.36\jul-to-slf4j-1.7.36.jar;D:\my_maven_local_repository\jakarta\annotation\jakarta.annotation-api\1.3.5\jakarta.annotation-api-1.3.5.jar;D:\my_maven_local_repository\org\springframework\spring-core\5.3.20\spring-core-5.3.20.jar;D:\my_maven_local_repository\org\springframework\spring-jcl\5.3.20\spring-jcl-5.3.20.jar;D:\my_maven_local_repository\org\yaml\snakeyaml\1.29\snakeyaml-1.29.jar;D:\my_maven_local_repository\org\springframework\boot\spring-boot-starter-test\2.6.8\spring-boot-starter-test-2.6.8.jar;D:\my_maven_local_repository\org\springframework\boot\spring-boot-test\2.6.8\spring-boot-test-2.6.8.jar;D:\my_maven_local_repository\org\springframework\boot\spring-boot-test-autoconfigure\2.6.8\spring-boot-test-autoconfigure-2.6.8.jar;D:\my_maven_local_repository\com\jayway\jsonpath\json-path\2.6.0\json-path-2.6.0.jar;D:\my_maven_local_repository\net\minidev\json-smart\2.4.8\json-smart-2.4.8.jar;D:\my_maven_local_repository\net\minidev\accessors-smart\2.4.8\accessors-smart-2.4.8.jar;D:\my_maven_local_repository\org\ow2\asm\asm\9.1\asm-9.1.jar;D:\my_maven_local_repository\org\slf4j\slf4j-api\1.7.36\slf4j-api-1.7.36.jar;D:\my_maven_local_repository\jakarta\xml\bind\jakarta.xml.bind-api\2.3.3\jakarta.xml.bind-api-2.3.3.jar;D:\my_maven_local_repository\jakarta\activation\jakarta.activation-api\1.2.2\jakarta.activation-api-1.2.2.jar;D:\my_maven_local_repository\org\assertj\assertj-core\3.21.0\assertj-core-3.21.0.jar;D:\my_maven_local_repository\org\hamcrest\hamcrest\2.2\hamcrest-2.2.jar;D:\my_maven_local_repository\org\junit\jupiter\junit-jupiter\5.8.2\junit-jupiter-5.8.2.jar;D:\my_maven_local_repository\org\junit\jupiter\junit-jupiter-api\5.8.2\junit-jupiter-api-5.8.2.jar;D:\my_maven_local_repository\org\opentest4j\opentest4j\1.2.0\opentest4j-1.2.0.jar;D:\my_maven_local_repository\org\junit\platform\junit-platform-commons\1.8.2\junit-platform-commons-1.8.2.jar;D:\my_maven_local_repository\org\apiguardian\apiguardian-api\1.1.2\apiguardian-api-1.1.2.jar;D:\my_maven_local_repository\org\junit\jupiter\junit-jupiter-params\5.8.2\junit-jupiter-params-5.8.2.jar;D:\my_maven_local_repository\org\junit\jupiter\junit-jupiter-engine\5.8.2\junit-jupiter-engine-5.8.2.jar;D:\my_maven_local_repository\org\junit\platform\junit-platform-engine\1.8.2\junit-platform-engine-1.8.2.jar;D:\my_maven_local_repository\org\mockito\mockito-core\4.0.0\mockito-core-4.0.0.jar;D:\my_maven_local_repository\net\bytebuddy\byte-buddy\1.11.22\byte-buddy-1.11.22.jar;D:\my_maven_local_repository\net\bytebuddy\byte-buddy-agent\1.11.22\byte-buddy-agent-1.11.22.jar;D:\my_maven_local_repository\org\objenesis\objenesis\3.2\objenesis-3.2.jar;D:\my_maven_local_repository\org\mockito\mockito-junit-jupiter\4.0.0\mockito-junit-jupiter-4.0.0.jar;D:\my_maven_local_repository\org\skyscreamer\jsonassert\1.5.0\jsonassert-1.5.0.jar;D:\my_maven_local_repository\com\vaadin\external\google\android-json\0.0.20131108.vaadin1\android-json-0.0.20131108.vaadin1.jar;D:\my_maven_local_repository\org\springframework\spring-test\5.3.20\spring-test-5.3.20.jar;D:\my_maven_local_repository\org\xmlunit\xmlunit-core\2.8.4\xmlunit-core-2.8.4.jar;D:\my_maven_local_repository\org\projectlombok\lombok\1.18.24\lombok-1.18.24.jar;"/>
    <property name="java.vm.vendor" value="Oracle Corporation"/>
    <property name="sun.arch.data.model" value="64"/>
    <property name="user.variant" value=""/>
    <property name="java.vendor.url" value="http://java.oracle.com/"/>
    <property name="user.timezone" value="Asia/Shanghai"/>
    <property name="java.vm.specification.version" value="1.8"/>
    <property name="os.name" value="Windows 10"/>
    <property name="user.country" value="CN"/>
    <property name="sun.java.launcher" value="SUN_STANDARD"/>
    <property name="sun.boot.library.path" value="C:\Program Files\Java\jdk1.8.0_91\jre\bin"/>
    <property name="sun.java.command" value="C:\Users\86178\AppData\Local\Temp\surefire7623978901094621846\surefirebooter8123231144304578482.jar C:\Users\86178\AppData\Local\Temp\surefire7623978901094621846 2022-06-15T15-16-05_358-jvmRun1 surefire7398939271404704488tmp surefire_0107572167930299269tmp"/>
    <property name="surefire.test.class.path" value="D:\Idea-WorkSpace\springcloud-study\common\target\test-classes;D:\Idea-WorkSpace\springcloud-study\common\target\classes;D:\my_maven_local_repository\org\springframework\boot\spring-boot-starter\2.6.8\spring-boot-starter-2.6.8.jar;D:\my_maven_local_repository\org\springframework\boot\spring-boot\2.6.8\spring-boot-2.6.8.jar;D:\my_maven_local_repository\org\springframework\spring-context\5.3.20\spring-context-5.3.20.jar;D:\my_maven_local_repository\org\springframework\spring-aop\5.3.20\spring-aop-5.3.20.jar;D:\my_maven_local_repository\org\springframework\spring-beans\5.3.20\spring-beans-5.3.20.jar;D:\my_maven_local_repository\org\springframework\spring-expression\5.3.20\spring-expression-5.3.20.jar;D:\my_maven_local_repository\org\springframework\boot\spring-boot-autoconfigure\2.6.8\spring-boot-autoconfigure-2.6.8.jar;D:\my_maven_local_repository\org\springframework\boot\spring-boot-starter-logging\2.6.8\spring-boot-starter-logging-2.6.8.jar;D:\my_maven_local_repository\ch\qos\logback\logback-classic\1.2.11\logback-classic-1.2.11.jar;D:\my_maven_local_repository\ch\qos\logback\logback-core\1.2.11\logback-core-1.2.11.jar;D:\my_maven_local_repository\org\apache\logging\log4j\log4j-to-slf4j\2.17.2\log4j-to-slf4j-2.17.2.jar;D:\my_maven_local_repository\org\apache\logging\log4j\log4j-api\2.17.2\log4j-api-2.17.2.jar;D:\my_maven_local_repository\org\slf4j\jul-to-slf4j\1.7.36\jul-to-slf4j-1.7.36.jar;D:\my_maven_local_repository\jakarta\annotation\jakarta.annotation-api\1.3.5\jakarta.annotation-api-1.3.5.jar;D:\my_maven_local_repository\org\springframework\spring-core\5.3.20\spring-core-5.3.20.jar;D:\my_maven_local_repository\org\springframework\spring-jcl\5.3.20\spring-jcl-5.3.20.jar;D:\my_maven_local_repository\org\yaml\snakeyaml\1.29\snakeyaml-1.29.jar;D:\my_maven_local_repository\org\springframework\boot\spring-boot-starter-test\2.6.8\spring-boot-starter-test-2.6.8.jar;D:\my_maven_local_repository\org\springframework\boot\spring-boot-test\2.6.8\spring-boot-test-2.6.8.jar;D:\my_maven_local_repository\org\springframework\boot\spring-boot-test-autoconfigure\2.6.8\spring-boot-test-autoconfigure-2.6.8.jar;D:\my_maven_local_repository\com\jayway\jsonpath\json-path\2.6.0\json-path-2.6.0.jar;D:\my_maven_local_repository\net\minidev\json-smart\2.4.8\json-smart-2.4.8.jar;D:\my_maven_local_repository\net\minidev\accessors-smart\2.4.8\accessors-smart-2.4.8.jar;D:\my_maven_local_repository\org\ow2\asm\asm\9.1\asm-9.1.jar;D:\my_maven_local_repository\org\slf4j\slf4j-api\1.7.36\slf4j-api-1.7.36.jar;D:\my_maven_local_repository\jakarta\xml\bind\jakarta.xml.bind-api\2.3.3\jakarta.xml.bind-api-2.3.3.jar;D:\my_maven_local_repository\jakarta\activation\jakarta.activation-api\1.2.2\jakarta.activation-api-1.2.2.jar;D:\my_maven_local_repository\org\assertj\assertj-core\3.21.0\assertj-core-3.21.0.jar;D:\my_maven_local_repository\org\hamcrest\hamcrest\2.2\hamcrest-2.2.jar;D:\my_maven_local_repository\org\junit\jupiter\junit-jupiter\5.8.2\junit-jupiter-5.8.2.jar;D:\my_maven_local_repository\org\junit\jupiter\junit-jupiter-api\5.8.2\junit-jupiter-api-5.8.2.jar;D:\my_maven_local_repository\org\opentest4j\opentest4j\1.2.0\opentest4j-1.2.0.jar;D:\my_maven_local_repository\org\junit\platform\junit-platform-commons\1.8.2\junit-platform-commons-1.8.2.jar;D:\my_maven_local_repository\org\apiguardian\apiguardian-api\1.1.2\apiguardian-api-1.1.2.jar;D:\my_maven_local_repository\org\junit\jupiter\junit-jupiter-params\5.8.2\junit-jupiter-params-5.8.2.jar;D:\my_maven_local_repository\org\junit\jupiter\junit-jupiter-engine\5.8.2\junit-jupiter-engine-5.8.2.jar;D:\my_maven_local_repository\org\junit\platform\junit-platform-engine\1.8.2\junit-platform-engine-1.8.2.jar;D:\my_maven_local_repository\org\mockito\mockito-core\4.0.0\mockito-core-4.0.0.jar;D:\my_maven_local_repository\net\bytebuddy\byte-buddy\1.11.22\byte-buddy-1.11.22.jar;D:\my_maven_local_repository\net\bytebuddy\byte-buddy-agent\1.11.22\byte-buddy-agent-1.11.22.jar;D:\my_maven_local_repository\org\objenesis\objenesis\3.2\objenesis-3.2.jar;D:\my_maven_local_repository\org\mockito\mockito-junit-jupiter\4.0.0\mockito-junit-jupiter-4.0.0.jar;D:\my_maven_local_repository\org\skyscreamer\jsonassert\1.5.0\jsonassert-1.5.0.jar;D:\my_maven_local_repository\com\vaadin\external\google\android-json\0.0.20131108.vaadin1\android-json-0.0.20131108.vaadin1.jar;D:\my_maven_local_repository\org\springframework\spring-test\5.3.20\spring-test-5.3.20.jar;D:\my_maven_local_repository\org\xmlunit\xmlunit-core\2.8.4\xmlunit-core-2.8.4.jar;D:\my_maven_local_repository\org\projectlombok\lombok\1.18.24\lombok-1.18.24.jar;"/>
    <property name="sun.cpu.endian" value="little"/>
    <property name="user.home" value="C:\Users\86178"/>
    <property name="user.language" value="zh"/>
    <property name="java.specification.vendor" value="Oracle Corporation"/>
    <property name="java.home" value="C:\Program Files\Java\jdk1.8.0_91\jre"/>
    <property name="basedir" value="D:\Idea-WorkSpace\springcloud-study\common"/>
    <property name="file.separator" value="\"/>
    <property name="line.separator" value="&#10;"/>
    <property name="java.vm.specification.vendor" value="Oracle Corporation"/>
    <property name="java.specification.name" value="Java Platform API Specification"/>
    <property name="java.awt.graphicsenv" value="sun.awt.Win32GraphicsEnvironment"/>
    <property name="surefire.real.class.path" value="C:\Users\86178\AppData\Local\Temp\surefire7623978901094621846\surefirebooter8123231144304578482.jar"/>
    <property name="sun.boot.class.path" value="C:\Program Files\Java\jdk1.8.0_91\jre\lib\resources.jar;C:\Program Files\Java\jdk1.8.0_91\jre\lib\rt.jar;C:\Program Files\Java\jdk1.8.0_91\jre\lib\sunrsasign.jar;C:\Program Files\Java\jdk1.8.0_91\jre\lib\jsse.jar;C:\Program Files\Java\jdk1.8.0_91\jre\lib\jce.jar;C:\Program Files\Java\jdk1.8.0_91\jre\lib\charsets.jar;C:\Program Files\Java\jdk1.8.0_91\jre\lib\jfr.jar;C:\Program Files\Java\jdk1.8.0_91\jre\classes"/>
    <property name="user.script" value=""/>
    <property name="sun.management.compiler" value="HotSpot 64-Bit Tiered Compilers"/>
    <property name="java.runtime.version" value="1.8.0_91-b15"/>
    <property name="user.name" value="86178"/>
    <property name="path.separator" value=";"/>
    <property name="os.version" value="10.0"/>
    <property name="java.endorsed.dirs" value="C:\Program Files\Java\jdk1.8.0_91\jre\lib\endorsed"/>
    <property name="java.runtime.name" value="Java(TM) SE Runtime Environment"/>
    <property name="file.encoding" value="GBK"/>
    <property name="java.vm.name" value="Java HotSpot(TM) 64-Bit Server VM"/>
    <property name="localRepository" value="D:\my_maven_local_repository"/>
    <property name="java.vendor.url.bug" value="http://bugreport.sun.com/bugreport/"/>
    <property name="java.io.tmpdir" value="C:\Users\86178\AppData\Local\Temp\"/>
    <property name="idea.version" value="2021.3.3"/>
    <property name="java.version" value="1.8.0_91"/>
    <property name="user.dir" value="D:\Idea-WorkSpace\springcloud-study\common"/>
    <property name="os.arch" value="amd64"/>
    <property name="java.vm.specification.name" value="Java Virtual Machine Specification"/>
    <property name="java.awt.printerjob" value="sun.awt.windows.WPrinterJob"/>
    <property name="sun.os.patch.level" value=""/>
    <property name="java.library.path" value="C:\Program Files\Java\jdk1.8.0_91\jre\bin;C:\WINDOWS\Sun\Java\bin;C:\WINDOWS\system32;C:\WINDOWS;C:\WINDOWS\system32;C:\WINDOWS;C:\WINDOWS\System32\Wbem;C:\program Files\Java\jdk1.8.0_91\lib;C:\program Files\Java\jdk1.8.0_91\jre\bin;C:\program Files\Java\jdk1.8.0_91\bin;C:\Program Files\Python38\Scripts\;C:\Program Files\Python38\;C:\ProgramData\Oracle\Java\javapath;C:\Program Files (x86)\Common Files\Oracle\Java\javapath;C:\Program Files\IDM Computer Solutions\UltraEdit;D:\putty\;C:\WINDOWS\system32;C:\WINDOWS;C:\WINDOWS\System32\Wbem;C:\WINDOWS\System32\WindowsPowerShell\v1.0\;C:\WINDOWS\System32\OpenSSH\;D:\mysql1\mysql\MySQL Server 8.0\bin;D:\Maven\apache-maven-3.8.4MAVEN_HOME%\bin;D:\Xshell\;D:\Xftp\;D:\Git\Git\cmd;D:\node.js\;D:\node.js\node_global;D:\Maven\apache-maven-3.8.4\bin;C:\Program Files\Bandizip\;D:\PyCharm Community Edition 2020.2\bin;;C:\Users\86178\AppData\Local\Microsoft\WindowsApps;;D:\Idea\IntelliJ IDEA 2019.3.5\bin;;D:\Microsoft VS Code\bin;C:\Users\86178\AppData\Roaming\npm;."/>
    <property name="java.vm.info" value="mixed mode"/>
    <property name="java.vendor" value="Oracle Corporation"/>
    <property name="java.vm.version" value="25.91-b15"/>
    <property name="java.ext.dirs" value="C:\Program Files\Java\jdk1.8.0_91\jre\lib\ext;C:\WINDOWS\Sun\Java\lib\ext"/>
    <property name="sun.io.unicode.encoding" value="UnicodeLittle"/>
    <property name="maven.repo.local" value="D:\my_maven_local_repository"/>
    <property name="java.class.version" value="52.0"/>
  </properties>
  <testcase name="contextLoads" classname="com.wuyuhui.common.CommonApplicationTests" time="0.2"/>
</testsuite>